<?xml version="1.0" encoding="UTF-8" ?>
<testsuite tests="3" failures="1" name="TestSuite" time="0.406" errors="0" skipped="0">
  <properties>
[...]
</properties>
  <testcase classname="com.aika.testng.tesDouban" name="tesdd" time="0.016"/>
  <testcase classname="com.aika.testng.TestBaidu" name="TestCase1" time="0">
    <failure message="expected [true] but found [false]" type="java.lang.AssertionError">java.lang.AssertionError: expected [true] but found [false]
	at org.testng.Assert.fail(Assert.java:93)
	at org.testng.Assert.failNotEquals(Assert.java:512)
	at org.testng.Assert.assertTrue(Assert.java:41)
	at org.testng.Assert.assertTrue(Assert.java:51)
	at com.aika.testng.TestBaidu.TestCase1(TestBaidu.java:24)
</failure>
  </testcase>
  <testcase classname="com.aika.testng.TestBaidu" name="TestCase2" time="0"/>
</testsuite>